TypeError: process.on is not a function
    at SMPP3Process.configureEvents (C:\Users\user\Desktop\DietNodeBack\processes\processHandler.ts:39:13)
    at new SMPP3Process (C:\Users\user\Desktop\DietNodeBack\processes\processHandler.ts:17:10)
    at Object.<anonymous> (C:\Users\user\Desktop\DietNodeBack\processes\recommendation.ts:5:1)
    at Module._compile (node:internal/modules/cjs/loader:1376:14)
    at Module.m._compile (C:\Users\user\AppData\Roaming\npm\node_modules\ts-node\src\index.ts:1618:23)
    at Module._extensions..js (node:internal/modules/cjs/loader:1435:10)
    at Object.require.extensions.<computed> [as .ts] (C:\Users\user\AppData\Roaming\npm\node_modules\ts-node\src\index.ts:1621:12)
    at Module.load (node:internal/modules/cjs/loader:1207:32)
    at Function.Module._load (node:internal/modules/cjs/loader:1023:12)
    at C:\Users\user\AppData\Roaming\npm\node_modules\pm2\lib\ProcessContainer.js:304:25
Error: ENOENT: no such file or directory, open 'C:\Users\user\Desktop\DietNodeBack\src\log\dietApp_DESKTOP-DV6L54O_C__Users_user_Desktop_DietNodeBack_processes_recommendation.log'
TypeError: process.on is not a function
    at SMPP3Process.configureEvents (C:\Users\user\Desktop\DietNodeBack\processes\processHandler.ts:39:13)
    at new SMPP3Process (C:\Users\user\Desktop\DietNodeBack\processes\processHandler.ts:17:10)
    at Object.<anonymous> (C:\Users\user\Desktop\DietNodeBack\processes\recommendation.ts:5:1)
    at Module._compile (node:internal/modules/cjs/loader:1376:14)
    at Module.m._compile (C:\Users\user\AppData\Roaming\npm\node_modules\ts-node\src\index.ts:1618:23)
    at Module._extensions..js (node:internal/modules/cjs/loader:1435:10)
    at Object.require.extensions.<computed> [as .ts] (C:\Users\user\AppData\Roaming\npm\node_modules\ts-node\src\index.ts:1621:12)
    at Module.load (node:internal/modules/cjs/loader:1207:32)
    at Function.Module._load (node:internal/modules/cjs/loader:1023:12)
    at C:\Users\user\AppData\Roaming\npm\node_modules\pm2\lib\ProcessContainer.js:304:25
Error: ENOENT: no such file or directory, open 'C:\Users\user\Desktop\DietNodeBack\src\log\dietApp_DESKTOP-DV6L54O_C__Users_user_Desktop_DietNodeBack_processes_recommendation.log'
TypeError: process.on is not a function
    at SMPP3Process.configureEvents (C:\Users\user\Desktop\DietNodeBack\processes\processHandler.ts:39:13)
    at new SMPP3Process (C:\Users\user\Desktop\DietNodeBack\processes\processHandler.ts:17:10)
    at Object.<anonymous> (C:\Users\user\Desktop\DietNodeBack\processes\recommendation.ts:5:1)
    at Module._compile (node:internal/modules/cjs/loader:1376:14)
    at Module.m._compile (C:\Users\user\AppData\Roaming\npm\node_modules\ts-node\src\index.ts:1618:23)
    at Module._extensions..js (node:internal/modules/cjs/loader:1435:10)
    at Object.require.extensions.<computed> [as .ts] (C:\Users\user\AppData\Roaming\npm\node_modules\ts-node\src\index.ts:1621:12)
    at Module.load (node:internal/modules/cjs/loader:1207:32)
    at Function.Module._load (node:internal/modules/cjs/loader:1023:12)
    at C:\Users\user\AppData\Roaming\npm\node_modules\pm2\lib\ProcessContainer.js:304:25
Error: ENOENT: no such file or directory, open 'C:\Users\user\Desktop\DietNodeBack\src\log\dietApp_DESKTOP-DV6L54O_C__Users_user_Desktop_DietNodeBack_processes_recommendation.log'
TypeError: process.on is not a function
    at ProcessHandler.configureEvents (C:\Users\user\Desktop\DietNodeBack\processes\processHandler.ts:39:13)
    at new ProcessHandler (C:\Users\user\Desktop\DietNodeBack\processes\processHandler.ts:17:10)
    at Object.<anonymous> (C:\Users\user\Desktop\DietNodeBack\processes\recommendation.ts:5:1)
    at Module._compile (node:internal/modules/cjs/loader:1376:14)
    at Module.m._compile (C:\Users\user\AppData\Roaming\npm\node_modules\ts-node\src\index.ts:1618:23)
    at Module._extensions..js (node:internal/modules/cjs/loader:1435:10)
    at Object.require.extensions.<computed> [as .ts] (C:\Users\user\AppData\Roaming\npm\node_modules\ts-node\src\index.ts:1621:12)
    at Module.load (node:internal/modules/cjs/loader:1207:32)
    at Function.Module._load (node:internal/modules/cjs/loader:1023:12)
    at C:\Users\user\AppData\Roaming\npm\node_modules\pm2\lib\ProcessContainer.js:304:25
Error: ENOENT: no such file or directory, open 'C:\Users\user\Desktop\DietNodeBack\src\log\dietApp_DESKTOP-DV6L54O_C__Users_user_Desktop_DietNodeBack_processes_recommendation.log'
TypeError: process.on is not a function
    at ProcessHandler.configureEvents (C:\Users\user\Desktop\DietNodeBack\processes\processHandler.ts:40:13)
    at new ProcessHandler (C:\Users\user\Desktop\DietNodeBack\processes\processHandler.ts:18:10)
    at Object.<anonymous> (C:\Users\user\Desktop\DietNodeBack\processes\recommendation.ts:5:1)
    at Module._compile (node:internal/modules/cjs/loader:1376:14)
    at Module.m._compile (C:\Users\user\AppData\Roaming\npm\node_modules\ts-node\src\index.ts:1618:23)
    at Module._extensions..js (node:internal/modules/cjs/loader:1435:10)
    at Object.require.extensions.<computed> [as .ts] (C:\Users\user\AppData\Roaming\npm\node_modules\ts-node\src\index.ts:1621:12)
    at Module.load (node:internal/modules/cjs/loader:1207:32)
    at Function.Module._load (node:internal/modules/cjs/loader:1023:12)
    at C:\Users\user\AppData\Roaming\npm\node_modules\pm2\lib\ProcessContainer.js:304:25
Error: ENOENT: no such file or directory, open 'C:\Users\user\Desktop\DietNodeBack\src\log\dietApp_DESKTOP-DV6L54O_C__Users_user_Desktop_DietNodeBack_processes_recommendation.log'
TSError: тип Unable to compile TypeScript:
src/utils/log.ts(153,5): error TS2339: Property 'sms' does not exist on type 'Logger'.
src/utils/log.ts(163,5): error TS2339: Property 'dlr' does not exist on type 'Logger'.
src/utils/log.ts(173,5): error TS2339: Property 'esLog' does not exist on type 'Logger'.

    at createTSError (C:\Users\user\AppData\Roaming\npm\node_modules\ts-node\src\index.ts:859:12)
    at reportTSError (C:\Users\user\AppData\Roaming\npm\node_modules\ts-node\src\index.ts:863:19)
    at getOutput (C:\Users\user\AppData\Roaming\npm\node_modules\ts-node\src\index.ts:1077:36)
    at Object.compile (C:\Users\user\AppData\Roaming\npm\node_modules\ts-node\src\index.ts:1433:41)
    at Module.m._compile (C:\Users\user\AppData\Roaming\npm\node_modules\ts-node\src\index.ts:1617:30)
    at Module._extensions..js (node:internal/modules/cjs/loader:1435:10)
    at Object.require.extensions.<computed> [as .ts] (C:\Users\user\AppData\Roaming\npm\node_modules\ts-node\src\index.ts:1621:12)
    at Module.load (node:internal/modules/cjs/loader:1207:32)
    at Function.Module._load (node:internal/modules/cjs/loader:1023:12)
    at Module.require (node:internal/modules/cjs/loader:1235:19)
Channel is already closed can't broadcast error:
TypeError: Converting circular structure to JSON
    --> starting at object with constructor 'SourceFileObject'
    |     property 'statements' -> object with constructor 'Array'
    |     index 0 -> object with constructor 'NodeObject'
    --- property 'parent' closes the circle
    at stringify (<anonymous>)
    at writeChannelMessage (node:internal/child_process/serialization:159:20)
    at process.target._send (node:internal/child_process:852:17)
    at process.target.send (node:internal/child_process:752:19)
    at process.send (C:\Users\user\AppData\Roaming\npm\node_modules\pm2\lib\ProcessContainer.js:52:21)
    at process.uncaughtListener (C:\Users\user\AppData\Roaming\npm\node_modules\pm2\lib\ProcessContainer.js:276:19)
    at process.emit (node:events:530:35)
    at process.emit (node:domain:488:12)
    at process.emit.sharedData.processEmitHook.installedValue [as emit] (C:\Users\user\AppData\Roaming\npm\node_modules\ts-node\node_modules\@cspotcode\source-map-support\source-map-support.js:745:40)
    at process._fatalException (node:internal/process/execution:178:25)
TypeError: process.on is not a function
    at ProcessHandler.configureEvents (C:\Users\user\Desktop\DietNodeBack\processes\processHandler.ts:40:13)
    at new ProcessHandler (C:\Users\user\Desktop\DietNodeBack\processes\processHandler.ts:18:10)
    at Object.<anonymous> (C:\Users\user\Desktop\DietNodeBack\processes\recommendation.ts:5:1)
    at Module._compile (node:internal/modules/cjs/loader:1376:14)
    at Module.m._compile (C:\Users\user\AppData\Roaming\npm\node_modules\ts-node\src\index.ts:1618:23)
    at Module._extensions..js (node:internal/modules/cjs/loader:1435:10)
    at Object.require.extensions.<computed> [as .ts] (C:\Users\user\AppData\Roaming\npm\node_modules\ts-node\src\index.ts:1621:12)
    at Module.load (node:internal/modules/cjs/loader:1207:32)
    at Function.Module._load (node:internal/modules/cjs/loader:1023:12)
    at C:\Users\user\AppData\Roaming\npm\node_modules\pm2\lib\ProcessContainer.js:304:25
Error: ENOENT: no such file or directory, open 'C:\Users\user\Desktop\DietNodeBack\src\log\dietAppDESKTOP-DV6L54O_C__Users_user_Desktop_DietNodeBack_processes_recommendation.log'
TypeError: process.on is not a function
    at ProcessHandler.configureEvents (C:\Users\user\Desktop\DietNodeBack\processes\processHandler.ts:40:13)
    at new ProcessHandler (C:\Users\user\Desktop\DietNodeBack\processes\processHandler.ts:18:10)
    at Object.<anonymous> (C:\Users\user\Desktop\DietNodeBack\processes\recommendation.ts:5:1)
    at Module._compile (node:internal/modules/cjs/loader:1376:14)
    at Module.m._compile (C:\Users\user\AppData\Roaming\npm\node_modules\ts-node\src\index.ts:1618:23)
    at Module._extensions..js (node:internal/modules/cjs/loader:1435:10)
    at Object.require.extensions.<computed> [as .ts] (C:\Users\user\AppData\Roaming\npm\node_modules\ts-node\src\index.ts:1621:12)
    at Module.load (node:internal/modules/cjs/loader:1207:32)
    at Function.Module._load (node:internal/modules/cjs/loader:1023:12)
    at C:\Users\user\AppData\Roaming\npm\node_modules\pm2\lib\ProcessContainer.js:304:25
Error: ENOENT: no such file or directory, open 'C:\Users\user\Desktop\DietNodeBack\src\log\dietAppDESKTOP-DV6L54O_C__Users_user_Desktop_DietNodeBack_processes_recommendation.log'
TypeError: process.on is not a function
    at ProcessHandler.configureEvents (C:\Users\user\Desktop\DietNodeBack\processes\processHandler.ts:40:13)
    at new ProcessHandler (C:\Users\user\Desktop\DietNodeBack\processes\processHandler.ts:18:10)
    at Object.<anonymous> (C:\Users\user\Desktop\DietNodeBack\processes\recommendation.ts:5:1)
    at Module._compile (node:internal/modules/cjs/loader:1376:14)
    at Module.m._compile (C:\Users\user\AppData\Roaming\npm\node_modules\ts-node\src\index.ts:1618:23)
    at Module._extensions..js (node:internal/modules/cjs/loader:1435:10)
    at Object.require.extensions.<computed> [as .ts] (C:\Users\user\AppData\Roaming\npm\node_modules\ts-node\src\index.ts:1621:12)
    at Module.load (node:internal/modules/cjs/loader:1207:32)
    at Function.Module._load (node:internal/modules/cjs/loader:1023:12)
    at C:\Users\user\AppData\Roaming\npm\node_modules\pm2\lib\ProcessContainer.js:304:25
Error: ENOENT: no such file or directory, open 'C:\Users\user\Desktop\DietNodeBack\src\log\DietNodeBackDESKTOP-DV6L54O_C__Users_user_Desktop_DietNodeBack_processes_recommendation.log'
TypeError: process.on is not a function
    at ProcessHandler.configureEvents (C:\Users\user\Desktop\DietNodeBack\processes\processHandler.ts:40:13)
    at new ProcessHandler (C:\Users\user\Desktop\DietNodeBack\processes\processHandler.ts:18:10)
    at Object.<anonymous> (C:\Users\user\Desktop\DietNodeBack\processes\recommendation.ts:5:1)
    at Module._compile (node:internal/modules/cjs/loader:1376:14)
    at Module.m._compile (C:\Users\user\AppData\Roaming\npm\node_modules\ts-node\src\index.ts:1618:23)
    at Module._extensions..js (node:internal/modules/cjs/loader:1435:10)
    at Object.require.extensions.<computed> [as .ts] (C:\Users\user\AppData\Roaming\npm\node_modules\ts-node\src\index.ts:1621:12)
    at Module.load (node:internal/modules/cjs/loader:1207:32)
    at Function.Module._load (node:internal/modules/cjs/loader:1023:12)
    at C:\Users\user\AppData\Roaming\npm\node_modules\pm2\lib\ProcessContainer.js:304:25
Error: ENOENT: no such file or directory, open 'C:\Users\user\Desktop\DietNodeBack\src\log\recommendation-err.log'
TypeError: process.on is not a function
    at ProcessHandler.configureEvents (C:\Users\user\Desktop\DietNodeBack\processes\processHandler.ts:40:13)
    at new ProcessHandler (C:\Users\user\Desktop\DietNodeBack\processes\processHandler.ts:18:10)
    at Object.<anonymous> (C:\Users\user\Desktop\DietNodeBack\processes\recommendation.ts:5:1)
    at Module._compile (node:internal/modules/cjs/loader:1376:14)
    at Module.m._compile (C:\Users\user\AppData\Roaming\npm\node_modules\ts-node\src\index.ts:1618:23)
    at Module._extensions..js (node:internal/modules/cjs/loader:1435:10)
    at Object.require.extensions.<computed> [as .ts] (C:\Users\user\AppData\Roaming\npm\node_modules\ts-node\src\index.ts:1621:12)
    at Module.load (node:internal/modules/cjs/loader:1207:32)
    at Function.Module._load (node:internal/modules/cjs/loader:1023:12)
    at C:\Users\user\AppData\Roaming\npm\node_modules\pm2\lib\ProcessContainer.js:304:25
TypeError: process.on is not a function
    at ProcessHandler.configureEvents (C:\Users\user\Desktop\DietNodeBack\processes\processHandler.ts:40:13)
    at new ProcessHandler (C:\Users\user\Desktop\DietNodeBack\processes\processHandler.ts:18:10)
    at Object.<anonymous> (C:\Users\user\Desktop\DietNodeBack\processes\recommendation.ts:5:1)
    at Module._compile (node:internal/modules/cjs/loader:1376:14)
    at Module.m._compile (C:\Users\user\AppData\Roaming\npm\node_modules\ts-node\src\index.ts:1618:23)
    at Module._extensions..js (node:internal/modules/cjs/loader:1435:10)
    at Object.require.extensions.<computed> [as .ts] (C:\Users\user\AppData\Roaming\npm\node_modules\ts-node\src\index.ts:1621:12)
    at Module.load (node:internal/modules/cjs/loader:1207:32)
    at Function.Module._load (node:internal/modules/cjs/loader:1023:12)
    at C:\Users\user\AppData\Roaming\npm\node_modules\pm2\lib\ProcessContainer.js:304:25
You have triggered an unhandledRejection, you may have forgotten to catch a Promise rejection:
TypeError: log.warn is not a function
    at ProcessHandler.exit (C:\Users\user\Desktop\DietNodeBack\processes\processHandler.ts:75:9)
    at C:\Users\user\Desktop\DietNodeBack\processes\processHandler.ts:35:14
    at processTicksAndRejections (node:internal/process/task_queues:95:5)
You have triggered an unhandledRejection, you may have forgotten to catch a Promise rejection:
TypeError: log.warn is not a function
    at ProcessHandler.exit (C:\Users\user\Desktop\DietNodeBack\processes\processHandler.ts:75:9)
    at C:\Users\user\Desktop\DietNodeBack\processes\processHandler.ts:35:14
    at processTicksAndRejections (node:internal/process/task_queues:95:5)
You have triggered an unhandledRejection, you may have forgotten to catch a Promise rejection:
TypeError: log.warn is not a function
    at ProcessHandler.exit (C:\Users\user\Desktop\DietNodeBack\processes\processHandler.ts:75:9)
    at C:\Users\user\Desktop\DietNodeBack\processes\processHandler.ts:35:14
    at processTicksAndRejections (node:internal/process/task_queues:95:5)
You have triggered an unhandledRejection, you may have forgotten to catch a Promise rejection:
TypeError: log.warn is not a function
    at ProcessHandler.exit (C:\Users\user\Desktop\DietNodeBack\processes\processHandler.ts:75:9)
    at C:\Users\user\Desktop\DietNodeBack\processes\processHandler.ts:35:14
    at processTicksAndRejections (node:internal/process/task_queues:95:5)
You have triggered an unhandledRejection, you may have forgotten to catch a Promise rejection:
TypeError: log.warn is not a function
    at ProcessHandler.exit (C:\Users\user\Desktop\DietNodeBack\processes\processHandler.ts:75:9)
    at C:\Users\user\Desktop\DietNodeBack\processes\processHandler.ts:35:14
    at processTicksAndRejections (node:internal/process/task_queues:95:5)
You have triggered an unhandledRejection, you may have forgotten to catch a Promise rejection:
TypeError: log.warn is not a function
    at ProcessHandler.exit (C:\Users\user\Desktop\DietNodeBack\processes\processHandler.ts:75:9)
    at C:\Users\user\Desktop\DietNodeBack\processes\processHandler.ts:35:14
    at processTicksAndRejections (node:internal/process/task_queues:95:5)
You have triggered an unhandledRejection, you may have forgotten to catch a Promise rejection:
TypeError: log.warn is not a function
    at ProcessHandler.exit (C:\Users\user\Desktop\DietNodeBack\processes\processHandler.ts:75:9)
    at C:\Users\user\Desktop\DietNodeBack\processes\processHandler.ts:35:14
    at processTicksAndRejections (node:internal/process/task_queues:95:5)
You have triggered an unhandledRejection, you may have forgotten to catch a Promise rejection:
TypeError: log.warn is not a function
    at ProcessHandler.exit (C:\Users\user\Desktop\DietNodeBack\processes\processHandler.ts:75:9)
    at C:\Users\user\Desktop\DietNodeBack\processes\processHandler.ts:35:14
    at processTicksAndRejections (node:internal/process/task_queues:95:5)
You have triggered an unhandledRejection, you may have forgotten to catch a Promise rejection:
TypeError: log.warn is not a function
    at ProcessHandler.exit (C:\Users\user\Desktop\DietNodeBack\processes\processHandler.ts:75:9)
    at C:\Users\user\Desktop\DietNodeBack\processes\processHandler.ts:35:14
    at processTicksAndRejections (node:internal/process/task_queues:95:5)
You have triggered an unhandledRejection, you may have forgotten to catch a Promise rejection:
TypeError: log.warn is not a function
    at ProcessHandler.exit (C:\Users\user\Desktop\DietNodeBack\processes\processHandler.ts:75:9)
    at C:\Users\user\Desktop\DietNodeBack\processes\processHandler.ts:35:14
    at processTicksAndRejections (node:internal/process/task_queues:95:5)
You have triggered an unhandledRejection, you may have forgotten to catch a Promise rejection:
TypeError: log.warn is not a function
    at ProcessHandler.exit (C:\Users\user\Desktop\DietNodeBack\processes\processHandler.ts:75:9)
    at C:\Users\user\Desktop\DietNodeBack\processes\processHandler.ts:35:14
    at processTicksAndRejections (node:internal/process/task_queues:95:5)
You have triggered an unhandledRejection, you may have forgotten to catch a Promise rejection:
TypeError: log.warn is not a function
    at ProcessHandler.exit (C:\Users\user\Desktop\DietNodeBack\processes\processHandler.ts:75:9)
    at C:\Users\user\Desktop\DietNodeBack\processes\processHandler.ts:35:14
    at processTicksAndRejections (node:internal/process/task_queues:95:5)
You have triggered an unhandledRejection, you may have forgotten to catch a Promise rejection:
TypeError: log.warn is not a function
    at ProcessHandler.exit (C:\Users\user\Desktop\DietNodeBack\processes\processHandler.ts:75:9)
    at C:\Users\user\Desktop\DietNodeBack\processes\processHandler.ts:35:14
    at processTicksAndRejections (node:internal/process/task_queues:95:5)
You have triggered an unhandledRejection, you may have forgotten to catch a Promise rejection:
TypeError: log.warn is not a function
    at ProcessHandler.exit (C:\Users\user\Desktop\DietNodeBack\processes\processHandler.ts:75:9)
    at C:\Users\user\Desktop\DietNodeBack\processes\processHandler.ts:35:14
    at processTicksAndRejections (node:internal/process/task_queues:95:5)
You have triggered an unhandledRejection, you may have forgotten to catch a Promise rejection:
TypeError: log.warn is not a function
    at ProcessHandler.exit (C:\Users\user\Desktop\DietNodeBack\processes\processHandler.ts:75:9)
    at C:\Users\user\Desktop\DietNodeBack\processes\processHandler.ts:35:14
    at processTicksAndRejections (node:internal/process/task_queues:95:5)
You have triggered an unhandledRejection, you may have forgotten to catch a Promise rejection:
TypeError: Cannot read properties of undefined (reading 'warn')
    at ProcessHandler.exit (C:\Users\Perdorues\Desktop\DietNodeBack\processes\processHandler.ts:75:9)
    at C:\Users\Perdorues\Desktop\DietNodeBack\processes\processHandler.ts:35:14
    at processTicksAndRejections (node:internal/process/task_queues:95:5)
You have triggered an unhandledRejection, you may have forgotten to catch a Promise rejection:
TypeError: Cannot read properties of undefined (reading 'warn')
    at ProcessHandler.exit (C:\Users\Perdorues\Desktop\DietNodeBack\processes\processHandler.ts:75:9)
    at C:\Users\Perdorues\Desktop\DietNodeBack\processes\processHandler.ts:35:14
    at processTicksAndRejections (node:internal/process/task_queues:95:5)
You have triggered an unhandledRejection, you may have forgotten to catch a Promise rejection:
TypeError: Cannot read properties of undefined (reading 'warn')
    at ProcessHandler.exit (C:\Users\Perdorues\Desktop\DietNodeBack\processes\processHandler.ts:75:9)
    at C:\Users\Perdorues\Desktop\DietNodeBack\processes\processHandler.ts:35:14
    at processTicksAndRejections (node:internal/process/task_queues:95:5)
You have triggered an unhandledRejection, you may have forgotten to catch a Promise rejection:
TypeError: Cannot read properties of undefined (reading 'warn')
    at ProcessHandler.exit (C:\Users\Perdorues\Desktop\DietNodeBack\processes\processHandler.ts:75:9)
    at C:\Users\Perdorues\Desktop\DietNodeBack\processes\processHandler.ts:35:14
    at processTicksAndRejections (node:internal/process/task_queues:95:5)
You have triggered an unhandledRejection, you may have forgotten to catch a Promise rejection:
TypeError: Cannot read properties of undefined (reading 'warn')
    at ProcessHandler.exit (C:\Users\Perdorues\Desktop\DietNodeBack\processes\processHandler.ts:75:9)
    at C:\Users\Perdorues\Desktop\DietNodeBack\processes\processHandler.ts:35:14
    at processTicksAndRejections (node:internal/process/task_queues:95:5)
You have triggered an unhandledRejection, you may have forgotten to catch a Promise rejection:
TypeError: Cannot read properties of undefined (reading 'warn')
    at ProcessHandler.exit (C:\Users\Perdorues\Desktop\DietNodeBack\processes\processHandler.ts:75:9)
    at C:\Users\Perdorues\Desktop\DietNodeBack\processes\processHandler.ts:35:14
    at processTicksAndRejections (node:internal/process/task_queues:95:5)
You have triggered an unhandledRejection, you may have forgotten to catch a Promise rejection:
TypeError: Cannot read properties of undefined (reading 'warn')
    at ProcessHandler.exit (C:\Users\Perdorues\Desktop\DietNodeBack\processes\processHandler.ts:75:9)
    at C:\Users\Perdorues\Desktop\DietNodeBack\processes\processHandler.ts:35:14
    at processTicksAndRejections (node:internal/process/task_queues:95:5)
You have triggered an unhandledRejection, you may have forgotten to catch a Promise rejection:
TypeError: Cannot read properties of undefined (reading 'warn')
    at ProcessHandler.exit (C:\Users\Perdorues\Desktop\DietNodeBack\processes\processHandler.ts:75:9)
    at C:\Users\Perdorues\Desktop\DietNodeBack\processes\processHandler.ts:35:14
    at processTicksAndRejections (node:internal/process/task_queues:95:5)
You have triggered an unhandledRejection, you may have forgotten to catch a Promise rejection:
TypeError: Cannot read properties of undefined (reading 'warn')
    at ProcessHandler.exit (C:\Users\Perdorues\Desktop\DietNodeBack\processes\processHandler.ts:75:9)
    at C:\Users\Perdorues\Desktop\DietNodeBack\processes\processHandler.ts:35:14
    at processTicksAndRejections (node:internal/process/task_queues:95:5)
You have triggered an unhandledRejection, you may have forgotten to catch a Promise rejection:
TypeError: Cannot read properties of undefined (reading 'warn')
    at ProcessHandler.exit (C:\Users\Perdorues\Desktop\DietNodeBack\processes\processHandler.ts:75:9)
    at C:\Users\Perdorues\Desktop\DietNodeBack\processes\processHandler.ts:35:14
    at processTicksAndRejections (node:internal/process/task_queues:95:5)
You have triggered an unhandledRejection, you may have forgotten to catch a Promise rejection:
TypeError: Cannot read properties of undefined (reading 'warn')
    at ProcessHandler.exit (C:\Users\Perdorues\Desktop\DietNodeBack\processes\processHandler.ts:75:9)
    at C:\Users\Perdorues\Desktop\DietNodeBack\processes\processHandler.ts:35:14
    at processTicksAndRejections (node:internal/process/task_queues:95:5)
You have triggered an unhandledRejection, you may have forgotten to catch a Promise rejection:
TypeError: Cannot read properties of undefined (reading 'warn')
    at ProcessHandler.exit (C:\Users\Perdorues\Desktop\DietNodeBack\processes\processHandler.ts:75:9)
    at C:\Users\Perdorues\Desktop\DietNodeBack\processes\processHandler.ts:35:14
    at processTicksAndRejections (node:internal/process/task_queues:95:5)
You have triggered an unhandledRejection, you may have forgotten to catch a Promise rejection:
TypeError: Cannot read properties of undefined (reading 'warn')
    at ProcessHandler.exit (C:\Users\Perdorues\Desktop\DietNodeBack\processes\processHandler.ts:75:9)
    at C:\Users\Perdorues\Desktop\DietNodeBack\processes\processHandler.ts:35:14
    at processTicksAndRejections (node:internal/process/task_queues:95:5)
You have triggered an unhandledRejection, you may have forgotten to catch a Promise rejection:
TypeError: Cannot read properties of undefined (reading 'warn')
    at ProcessHandler.exit (C:\Users\Perdorues\Desktop\DietNodeBack\processes\processHandler.ts:75:9)
    at C:\Users\Perdorues\Desktop\DietNodeBack\processes\processHandler.ts:35:14
    at processTicksAndRejections (node:internal/process/task_queues:95:5)
You have triggered an unhandledRejection, you may have forgotten to catch a Promise rejection:
TypeError: Cannot read properties of undefined (reading 'warn')
    at ProcessHandler.exit (C:\Users\Perdorues\Desktop\DietNodeBack\processes\processHandler.ts:75:9)
    at C:\Users\Perdorues\Desktop\DietNodeBack\processes\processHandler.ts:35:14
    at processTicksAndRejections (node:internal/process/task_queues:95:5)
You have triggered an unhandledRejection, you may have forgotten to catch a Promise rejection:
TypeError: Cannot read properties of undefined (reading 'warn')
    at ProcessHandler.exit (C:\Users\Perdorues\Desktop\DietNodeBack\processes\processHandler.ts:75:9)
    at C:\Users\Perdorues\Desktop\DietNodeBack\processes\processHandler.ts:35:14
    at processTicksAndRejections (node:internal/process/task_queues:95:5)
You have triggered an unhandledRejection, you may have forgotten to catch a Promise rejection:
TypeError: Cannot read properties of undefined (reading 'warn')
    at ProcessHandler.exit (C:\Users\Perdorues\Desktop\DietNodeBack\processes\processHandler.ts:75:9)
    at C:\Users\Perdorues\Desktop\DietNodeBack\processes\processHandler.ts:35:14
    at processTicksAndRejections (node:internal/process/task_queues:95:5)
You have triggered an unhandledRejection, you may have forgotten to catch a Promise rejection:
TypeError: Cannot read properties of undefined (reading 'warn')
    at ProcessHandler.exit (C:\Users\Perdorues\Desktop\DietNodeBack\processes\processHandler.ts:75:9)
    at C:\Users\Perdorues\Desktop\DietNodeBack\processes\processHandler.ts:35:14
    at processTicksAndRejections (node:internal/process/task_queues:95:5)
You have triggered an unhandledRejection, you may have forgotten to catch a Promise rejection:
TypeError: Cannot read properties of undefined (reading 'warn')
    at ProcessHandler.exit (C:\Users\Perdorues\Desktop\DietNodeBack\processes\processHandler.ts:75:9)
    at C:\Users\Perdorues\Desktop\DietNodeBack\processes\processHandler.ts:35:14
    at processTicksAndRejections (node:internal/process/task_queues:95:5)
You have triggered an unhandledRejection, you may have forgotten to catch a Promise rejection:
TypeError: Cannot read properties of undefined (reading 'warn')
    at ProcessHandler.exit (C:\Users\Perdorues\Desktop\DietNodeBack\processes\processHandler.ts:75:9)
    at C:\Users\Perdorues\Desktop\DietNodeBack\processes\processHandler.ts:35:14
    at processTicksAndRejections (node:internal/process/task_queues:95:5)
You have triggered an unhandledRejection, you may have forgotten to catch a Promise rejection:
TypeError: Cannot read properties of undefined (reading 'warn')
    at ProcessHandler.exit (C:\Users\Perdorues\Desktop\DietNodeBack\processes\processHandler.ts:75:9)
    at C:\Users\Perdorues\Desktop\DietNodeBack\processes\processHandler.ts:35:14
    at processTicksAndRejections (node:internal/process/task_queues:95:5)
You have triggered an unhandledRejection, you may have forgotten to catch a Promise rejection:
TypeError: Cannot read properties of undefined (reading 'warn')
    at ProcessHandler.exit (C:\Users\Perdorues\Desktop\DietNodeBack\processes\processHandler.ts:75:9)
    at C:\Users\Perdorues\Desktop\DietNodeBack\processes\processHandler.ts:35:14
    at processTicksAndRejections (node:internal/process/task_queues:95:5)
You have triggered an unhandledRejection, you may have forgotten to catch a Promise rejection:
TypeError: Cannot read properties of undefined (reading 'warn')
    at ProcessHandler.exit (C:\Users\Perdorues\Desktop\DietNodeBack\processes\processHandler.ts:75:9)
    at C:\Users\Perdorues\Desktop\DietNodeBack\processes\processHandler.ts:35:14
    at processTicksAndRejections (node:internal/process/task_queues:95:5)
You have triggered an unhandledRejection, you may have forgotten to catch a Promise rejection:
TypeError: Cannot read properties of undefined (reading 'warn')
    at ProcessHandler.exit (C:\Users\Perdorues\Desktop\DietNodeBack\processes\processHandler.ts:75:9)
    at C:\Users\Perdorues\Desktop\DietNodeBack\processes\processHandler.ts:35:14
    at processTicksAndRejections (node:internal/process/task_queues:95:5)
You have triggered an unhandledRejection, you may have forgotten to catch a Promise rejection:
TypeError: Cannot read properties of undefined (reading 'warn')
    at ProcessHandler.exit (C:\Users\Perdorues\Desktop\DietNodeBack\processes\processHandler.ts:75:9)
    at C:\Users\Perdorues\Desktop\DietNodeBack\processes\processHandler.ts:35:14
    at processTicksAndRejections (node:internal/process/task_queues:95:5)
You have triggered an unhandledRejection, you may have forgotten to catch a Promise rejection:
TypeError: Cannot read properties of undefined (reading 'warn')
    at ProcessHandler.exit (C:\Users\Perdorues\Desktop\DietNodeBack\processes\processHandler.ts:75:9)
    at C:\Users\Perdorues\Desktop\DietNodeBack\processes\processHandler.ts:35:14
    at processTicksAndRejections (node:internal/process/task_queues:95:5)
You have triggered an unhandledRejection, you may have forgotten to catch a Promise rejection:
TypeError: Cannot read properties of undefined (reading 'warn')
    at ProcessHandler.exit (C:\Users\Perdorues\Desktop\DietNodeBack\processes\processHandler.ts:75:9)
    at C:\Users\Perdorues\Desktop\DietNodeBack\processes\processHandler.ts:35:14
    at processTicksAndRejections (node:internal/process/task_queues:95:5)
You have triggered an unhandledRejection, you may have forgotten to catch a Promise rejection:
TypeError: Cannot read properties of undefined (reading 'warn')
    at ProcessHandler.exit (C:\Users\Perdorues\Desktop\DietNodeBack\processes\processHandler.ts:75:9)
    at C:\Users\Perdorues\Desktop\DietNodeBack\processes\processHandler.ts:35:14
    at processTicksAndRejections (node:internal/process/task_queues:95:5)
You have triggered an unhandledRejection, you may have forgotten to catch a Promise rejection:
TypeError: Cannot read properties of undefined (reading 'warn')
    at ProcessHandler.exit (C:\Users\Perdorues\Desktop\DietNodeBack\processes\processHandler.ts:75:9)
    at C:\Users\Perdorues\Desktop\DietNodeBack\processes\processHandler.ts:35:14
    at processTicksAndRejections (node:internal/process/task_queues:95:5)
You have triggered an unhandledRejection, you may have forgotten to catch a Promise rejection:
TypeError: Cannot read properties of undefined (reading 'warn')
    at ProcessHandler.exit (C:\Users\Perdorues\Desktop\DietNodeBack\processes\processHandler.ts:75:9)
    at C:\Users\Perdorues\Desktop\DietNodeBack\processes\processHandler.ts:35:14
    at processTicksAndRejections (node:internal/process/task_queues:95:5)
You have triggered an unhandledRejection, you may have forgotten to catch a Promise rejection:
TypeError: Cannot read properties of undefined (reading 'warn')
    at ProcessHandler.exit (C:\Users\Perdorues\Desktop\DietNodeBack\processes\processHandler.ts:75:9)
    at C:\Users\Perdorues\Desktop\DietNodeBack\processes\processHandler.ts:35:14
    at processTicksAndRejections (node:internal/process/task_queues:95:5)
You have triggered an unhandledRejection, you may have forgotten to catch a Promise rejection:
TypeError: Cannot read properties of undefined (reading 'warn')
    at ProcessHandler.exit (C:\Users\Perdorues\Desktop\DietNodeBack\processes\processHandler.ts:75:9)
    at C:\Users\Perdorues\Desktop\DietNodeBack\processes\processHandler.ts:35:14
    at processTicksAndRejections (node:internal/process/task_queues:95:5)
You have triggered an unhandledRejection, you may have forgotten to catch a Promise rejection:
TypeError: Cannot read properties of undefined (reading 'warn')
    at ProcessHandler.exit (C:\Users\Perdorues\Desktop\DietNodeBack\processes\processHandler.ts:75:9)
    at C:\Users\Perdorues\Desktop\DietNodeBack\processes\processHandler.ts:35:14
    at processTicksAndRejections (node:internal/process/task_queues:95:5)
You have triggered an unhandledRejection, you may have forgotten to catch a Promise rejection:
TypeError: Cannot read properties of undefined (reading 'warn')
    at ProcessHandler.exit (C:\Users\Perdorues\Desktop\DietNodeBack\processes\processHandler.ts:75:9)
    at C:\Users\Perdorues\Desktop\DietNodeBack\processes\processHandler.ts:35:14
    at processTicksAndRejections (node:internal/process/task_queues:95:5)
You have triggered an unhandledRejection, you may have forgotten to catch a Promise rejection:
TypeError: Cannot read properties of undefined (reading 'warn')
    at ProcessHandler.exit (C:\Users\Perdorues\Desktop\DietNodeBack\processes\processHandler.ts:75:9)
    at C:\Users\Perdorues\Desktop\DietNodeBack\processes\processHandler.ts:35:14
    at processTicksAndRejections (node:internal/process/task_queues:95:5)
You have triggered an unhandledRejection, you may have forgotten to catch a Promise rejection:
TypeError: Cannot read properties of undefined (reading 'warn')
    at ProcessHandler.exit (C:\Users\Perdorues\Desktop\DietNodeBack\processes\processHandler.ts:75:9)
    at C:\Users\Perdorues\Desktop\DietNodeBack\processes\processHandler.ts:35:14
    at processTicksAndRejections (node:internal/process/task_queues:95:5)
You have triggered an unhandledRejection, you may have forgotten to catch a Promise rejection:
TypeError: Cannot read properties of undefined (reading 'warn')
    at ProcessHandler.exit (C:\Users\Perdorues\Desktop\DietNodeBack\processes\processHandler.ts:75:9)
    at C:\Users\Perdorues\Desktop\DietNodeBack\processes\processHandler.ts:35:14
    at processTicksAndRejections (node:internal/process/task_queues:95:5)
You have triggered an unhandledRejection, you may have forgotten to catch a Promise rejection:
TypeError: Cannot read properties of undefined (reading 'warn')
    at ProcessHandler.exit (C:\Users\Perdorues\Desktop\DietNodeBack\processes\processHandler.ts:75:9)
    at C:\Users\Perdorues\Desktop\DietNodeBack\processes\processHandler.ts:35:14
    at processTicksAndRejections (node:internal/process/task_queues:95:5)
You have triggered an unhandledRejection, you may have forgotten to catch a Promise rejection:
TypeError: Cannot read properties of undefined (reading 'warn')
    at ProcessHandler.exit (C:\Users\Perdorues\Desktop\DietNodeBack\processes\processHandler.ts:75:9)
    at C:\Users\Perdorues\Desktop\DietNodeBack\processes\processHandler.ts:35:14
    at processTicksAndRejections (node:internal/process/task_queues:95:5)
You have triggered an unhandledRejection, you may have forgotten to catch a Promise rejection:
TypeError: Cannot read properties of undefined (reading 'warn')
    at ProcessHandler.exit (C:\Users\Perdorues\Desktop\DietNodeBack\processes\processHandler.ts:75:9)
    at C:\Users\Perdorues\Desktop\DietNodeBack\processes\processHandler.ts:35:14
    at processTicksAndRejections (node:internal/process/task_queues:95:5)
You have triggered an unhandledRejection, you may have forgotten to catch a Promise rejection:
TypeError: Cannot read properties of undefined (reading 'warn')
    at ProcessHandler.exit (C:\Users\Perdorues\Desktop\DietNodeBack\processes\processHandler.ts:75:9)
    at C:\Users\Perdorues\Desktop\DietNodeBack\processes\processHandler.ts:35:14
    at processTicksAndRejections (node:internal/process/task_queues:95:5)
You have triggered an unhandledRejection, you may have forgotten to catch a Promise rejection:
TypeError: Cannot read properties of undefined (reading 'warn')
    at ProcessHandler.exit (C:\Users\Perdorues\Desktop\DietNodeBack\processes\processHandler.ts:75:9)
    at C:\Users\Perdorues\Desktop\DietNodeBack\processes\processHandler.ts:35:14
    at processTicksAndRejections (node:internal/process/task_queues:95:5)
You have triggered an unhandledRejection, you may have forgotten to catch a Promise rejection:
TypeError: Cannot read properties of undefined (reading 'warn')
    at ProcessHandler.exit (C:\Users\Perdorues\Desktop\DietNodeBack\processes\processHandler.ts:75:9)
    at C:\Users\Perdorues\Desktop\DietNodeBack\processes\processHandler.ts:35:14
    at processTicksAndRejections (node:internal/process/task_queues:95:5)
You have triggered an unhandledRejection, you may have forgotten to catch a Promise rejection:
TypeError: Cannot read properties of undefined (reading 'warn')
    at ProcessHandler.exit (C:\Users\Perdorues\Desktop\DietNodeBack\processes\processHandler.ts:75:9)
    at C:\Users\Perdorues\Desktop\DietNodeBack\processes\processHandler.ts:35:14
    at processTicksAndRejections (node:internal/process/task_queues:95:5)
You have triggered an unhandledRejection, you may have forgotten to catch a Promise rejection:
TypeError: Cannot read properties of undefined (reading 'warn')
    at ProcessHandler.exit (C:\Users\Perdorues\Desktop\DietNodeBack\processes\processHandler.ts:75:9)
    at C:\Users\Perdorues\Desktop\DietNodeBack\processes\processHandler.ts:35:14
    at processTicksAndRejections (node:internal/process/task_queues:95:5)
You have triggered an unhandledRejection, you may have forgotten to catch a Promise rejection:
TypeError: Cannot read properties of undefined (reading 'warn')
    at ProcessHandler.exit (C:\Users\Perdorues\Desktop\DietNodeBack\processes\processHandler.ts:75:9)
    at C:\Users\Perdorues\Desktop\DietNodeBack\processes\processHandler.ts:35:14
    at processTicksAndRejections (node:internal/process/task_queues:95:5)
You have triggered an unhandledRejection, you may have forgotten to catch a Promise rejection:
TypeError: Cannot read properties of undefined (reading 'warn')
    at ProcessHandler.exit (C:\Users\Perdorues\Desktop\DietNodeBack\processes\processHandler.ts:75:9)
    at C:\Users\Perdorues\Desktop\DietNodeBack\processes\processHandler.ts:35:14
    at processTicksAndRejections (node:internal/process/task_queues:95:5)
You have triggered an unhandledRejection, you may have forgotten to catch a Promise rejection:
TypeError: Cannot read properties of undefined (reading 'warn')
    at ProcessHandler.exit (C:\Users\Perdorues\Desktop\DietNodeBack\processes\processHandler.ts:75:9)
    at C:\Users\Perdorues\Desktop\DietNodeBack\processes\processHandler.ts:35:14
    at processTicksAndRejections (node:internal/process/task_queues:95:5)
You have triggered an unhandledRejection, you may have forgotten to catch a Promise rejection:
TypeError: Cannot read properties of undefined (reading 'warn')
    at ProcessHandler.exit (C:\Users\Perdorues\Desktop\DietNodeBack\processes\processHandler.ts:75:9)
    at C:\Users\Perdorues\Desktop\DietNodeBack\processes\processHandler.ts:35:14
    at processTicksAndRejections (node:internal/process/task_queues:95:5)
